Determining if the pthread_create exist failed with the following output:
Change Dir: /home/amit/ROS/ROS-deepblue-study/ROS-theory-practice/catkin_ws/build/CMakeFiles/CMakeTmp

Run Build Command:"/usr/bin/make" "cmTC_b3d90/fast"
/usr/bin/make -f CMakeFiles/cmTC_b3d90.dir/build.make CMakeFiles/cmTC_b3d90.dir/build
make[1]: Entering directory '/home/amit/ROS/ROS-deepblue-study/ROS-theory-practice/catkin_ws/build/CMakeFiles/CMakeTmp'
Building C object CMakeFiles/cmTC_b3d90.dir/CheckSymbolExists.c.o
/usr/bin/cc     -o CMakeFiles/cmTC_b3d90.dir/CheckSymbolExists.c.o   -c /home/amit/ROS/ROS-deepblue-study/ROS-theory-practice/catkin_ws/build/CMakeFiles/CMakeTmp/CheckSymbolExists.c
Linking C executable cmTC_b3d90
/usr/bin/cmake -E cmake_link_script CMakeFiles/cmTC_b3d90.dir/link.txt --verbose=1
/usr/bin/cc       CMakeFiles/cmTC_b3d90.dir/CheckSymbolExists.c.o  -o cmTC_b3d90 -rdynamic 
CMakeFiles/cmTC_b3d90.dir/CheckSymbolExists.c.o: In function `main':
CheckSymbolExists.c:(.text+0x16): undefined reference to `pthread_create'
collect2: error: ld returned 1 exit status
CMakeFiles/cmTC_b3d90.dir/build.make:97: recipe for target 'cmTC_b3d90' failed
make[1]: *** [cmTC_b3d90] Error 1
make[1]: Leaving directory '/home/amit/ROS/ROS-deepblue-study/ROS-theory-practice/catkin_ws/build/CMakeFiles/CMakeTmp'
Makefile:126: recipe for target 'cmTC_b3d90/fast' failed
make: *** [cmTC_b3d90/fast] Error 2

File /home/amit/ROS/ROS-deepblue-study/ROS-theory-practice/catkin_ws/build/CMakeFiles/CMakeTmp/CheckSymbolExists.c:
/* */
#include <pthread.h>

int main(int argc, char** argv)
{
  (void)argv;
#ifndef pthread_create
  return ((int*)(&pthread_create))[argc];
#else
  (void)argc;
  return 0;
#endif
}

Determining if the function pthread_create exists in the pthreads failed with the following output:
Change Dir: /home/amit/ROS/ROS-deepblue-study/ROS-theory-practice/catkin_ws/build/CMakeFiles/CMakeTmp

Run Build Command:"/usr/bin/make" "cmTC_42fd0/fast"
/usr/bin/make -f CMakeFiles/cmTC_42fd0.dir/build.make CMakeFiles/cmTC_42fd0.dir/build
make[1]: Entering directory '/home/amit/ROS/ROS-deepblue-study/ROS-theory-practice/catkin_ws/build/CMakeFiles/CMakeTmp'
Building C object CMakeFiles/cmTC_42fd0.dir/CheckFunctionExists.c.o
/usr/bin/cc    -DCHECK_FUNCTION_EXISTS=pthread_create   -o CMakeFiles/cmTC_42fd0.dir/CheckFunctionExists.c.o   -c /usr/share/cmake-3.5/Modules/CheckFunctionExists.c
Linking C executable cmTC_42fd0
/usr/bin/cmake -E cmake_link_script CMakeFiles/cmTC_42fd0.dir/link.txt --verbose=1
/usr/bin/cc   -DCHECK_FUNCTION_EXISTS=pthread_create    CMakeFiles/cmTC_42fd0.dir/CheckFunctionExists.c.o  -o cmTC_42fd0 -rdynamic -lpthreads 
/usr/bin/ld: cannot find -lpthreads
collect2: error: ld returned 1 exit status
CMakeFiles/cmTC_42fd0.dir/build.make:97: recipe for target 'cmTC_42fd0' failed
make[1]: *** [cmTC_42fd0] Error 1
make[1]: Leaving directory '/home/amit/ROS/ROS-deepblue-study/ROS-theory-practice/catkin_ws/build/CMakeFiles/CMakeTmp'
Makefile:126: recipe for target 'cmTC_42fd0/fast' failed
make: *** [cmTC_42fd0/fast] Error 2


